[debug] [2025-05-14T10:06:35.734Z] ----------------------------------------------------------------------
[debug] [2025-05-14T10:06:35.742Z] Command:       /Users/safiurrehman/.nvm/versions/node/v23.11.0/bin/node /opt/homebrew/bin/firebase deploy
[debug] [2025-05-14T10:06:35.742Z] CLI Version:   13.30.0
[debug] [2025-05-14T10:06:35.742Z] Platform:      darwin
[debug] [2025-05-14T10:06:35.742Z] Node Version:  v23.11.0
[debug] [2025-05-14T10:06:35.743Z] Time:          Wed May 14 2025 15:06:35 GMT+0500 (Pakistan Standard Time)
[debug] [2025-05-14T10:06:35.743Z] ----------------------------------------------------------------------
[debug] 
[debug] [2025-05-14T10:06:35.832Z] > command requires scopes: ["email","openid","https://www.googleapis.com/auth/cloudplatformprojects.readonly","https://www.googleapis.com/auth/firebase","https://www.googleapis.com/auth/cloud-platform"]
[debug] [2025-05-14T10:06:35.832Z] > authorizing via signed-in user (safiurrehman74@gmail.com)
[debug] [2025-05-14T10:06:35.832Z] [iam] checking project flexijobber-11a4c for permissions ["firebase.projects.get","firebasehosting.sites.update"]
[debug] [2025-05-14T10:06:35.833Z] Checked if tokens are valid: true, expires at: 1747220761739
[debug] [2025-05-14T10:06:35.833Z] Checked if tokens are valid: true, expires at: 1747220761739
[debug] [2025-05-14T10:06:35.833Z] >>> [apiv2][query] POST https://cloudresourcemanager.googleapis.com/v1/projects/flexijobber-11a4c:testIamPermissions [none]
[debug] [2025-05-14T10:06:35.833Z] >>> [apiv2][(partial)header] POST https://cloudresourcemanager.googleapis.com/v1/projects/flexijobber-11a4c:testIamPermissions x-goog-quota-user=projects/flexijobber-11a4c
[debug] [2025-05-14T10:06:35.833Z] >>> [apiv2][body] POST https://cloudresourcemanager.googleapis.com/v1/projects/flexijobber-11a4c:testIamPermissions {"permissions":["firebase.projects.get","firebasehosting.sites.update"]}
[debug] [2025-05-14T10:06:37.603Z] <<< [apiv2][status] POST https://cloudresourcemanager.googleapis.com/v1/projects/flexijobber-11a4c:testIamPermissions 200
[debug] [2025-05-14T10:06:37.604Z] <<< [apiv2][body] POST https://cloudresourcemanager.googleapis.com/v1/projects/flexijobber-11a4c:testIamPermissions {"permissions":["firebase.projects.get","firebasehosting.sites.update"]}
[debug] [2025-05-14T10:06:37.604Z] Checked if tokens are valid: true, expires at: 1747220761739
[debug] [2025-05-14T10:06:37.604Z] Checked if tokens are valid: true, expires at: 1747220761739
[debug] [2025-05-14T10:06:37.604Z] >>> [apiv2][query] GET https://firebase.googleapis.com/v1beta1/projects/flexijobber-11a4c [none]
[debug] [2025-05-14T10:06:38.314Z] <<< [apiv2][status] GET https://firebase.googleapis.com/v1beta1/projects/flexijobber-11a4c 200
[debug] [2025-05-14T10:06:38.314Z] <<< [apiv2][body] GET https://firebase.googleapis.com/v1beta1/projects/flexijobber-11a4c {"projectId":"flexijobber-11a4c","projectNumber":"409931945808","displayName":"Flexijobber","name":"projects/flexijobber-11a4c","resources":{"hostingSite":"flexijobber-11a4c"},"state":"ACTIVE","etag":"1_baf218e4-ed05-4a79-b5c7-40cd47a04f27"}
[debug] [2025-05-14T10:06:39.623Z] Checked if tokens are valid: true, expires at: 1747220761739
[debug] [2025-05-14T10:06:39.624Z] Checked if tokens are valid: true, expires at: 1747220761739
[debug] [2025-05-14T10:06:39.624Z] >>> [apiv2][query] GET https://firebasehosting.googleapis.com/v1beta1/projects/flexijobber-11a4c/sites pageToken=&pageSize=10
[debug] [2025-05-14T10:06:41.919Z] <<< [apiv2][status] GET https://firebasehosting.googleapis.com/v1beta1/projects/flexijobber-11a4c/sites 200
[debug] [2025-05-14T10:06:41.920Z] <<< [apiv2][body] GET https://firebasehosting.googleapis.com/v1beta1/projects/flexijobber-11a4c/sites {"sites":[{"name":"projects/flexijobber-11a4c/sites/flexijobber-11a4c","defaultUrl":"https://flexijobber-11a4c.web.app","appId":"1:409931945808:web:d20f763290e5ad92fdfe55","type":"DEFAULT_SITE"}]}
[debug] [2025-05-14T10:06:41.921Z] Checked if tokens are valid: true, expires at: 1747220761739
[debug] [2025-05-14T10:06:41.921Z] Checked if tokens are valid: true, expires at: 1747220761739
[debug] [2025-05-14T10:06:41.921Z] >>> [apiv2][query] GET https://firebase.googleapis.com/v1beta1/projects/-/webApps/1:409931945808:web:d20f763290e5ad92fdfe55/config [none]
[debug] [2025-05-14T10:06:42.811Z] <<< [apiv2][status] GET https://firebase.googleapis.com/v1beta1/projects/-/webApps/1:409931945808:web:d20f763290e5ad92fdfe55/config 200
[debug] [2025-05-14T10:06:42.811Z] <<< [apiv2][body] GET https://firebase.googleapis.com/v1beta1/projects/-/webApps/1:409931945808:web:d20f763290e5ad92fdfe55/config {"projectId":"flexijobber-11a4c","appId":"1:409931945808:web:d20f763290e5ad92fdfe55","storageBucket":"flexijobber-11a4c.firebasestorage.app","apiKey":"AIzaSyB7__lp0oo37J-eVzncVELIZudV4ThBwQo","authDomain":"flexijobber-11a4c.firebaseapp.com","messagingSenderId":"409931945808","measurementId":"G-CT24VQ9WVR"}
[info] 
   Thank you for trying our early preview of Next.js support on Firebase Hosting.
   During the preview, support is best-effort and breaking changes can be expected. Proceed with caution.

   Documentation: https://firebase.google.com/docs/hosting/frameworks/nextjs
   File a bug: https://github.com/firebase/firebase-tools/issues/new?template=bug_report.md
   Submit a feature request: https://github.com/firebase/firebase-tools/issues/new?template=feature_request.md

   We'd love to learn from you. Express your interest in helping us shape the future of Firebase Hosting: https://goo.gle/41enW5X

[debug] [2025-05-14T10:06:45.018Z] Checked if tokens are valid: true, expires at: 1747220761739
[debug] [2025-05-14T10:06:45.018Z] Checked if tokens are valid: true, expires at: 1747220761739
[debug] [2025-05-14T10:06:45.019Z] >>> [apiv2][query] GET https://firebasehosting.googleapis.com/v1beta1/projects/flexijobber-11a4c/sites/flexijobber-11a4c [none]
[debug] [2025-05-14T10:06:45.688Z] <<< [apiv2][status] GET https://firebasehosting.googleapis.com/v1beta1/projects/flexijobber-11a4c/sites/flexijobber-11a4c 200
[debug] [2025-05-14T10:06:45.688Z] <<< [apiv2][body] GET https://firebasehosting.googleapis.com/v1beta1/projects/flexijobber-11a4c/sites/flexijobber-11a4c {"name":"projects/flexijobber-11a4c/sites/flexijobber-11a4c","defaultUrl":"https://flexijobber-11a4c.web.app","appId":"1:409931945808:web:d20f763290e5ad92fdfe55","type":"DEFAULT_SITE"}
[info]   ▲ Next.js 14.2.28

[info]   - Environments: .env


[info]    Creating an optimized production build ...

[info] Failed to compile.


[info] ./APIs/auth/jobs.js
Error: 
  x You're importing a component that needs useEffect. It only works in a Client Component but none of its parents are marked with "use client", so they're Server Components by default.
  | Learn more: https://nextjs.org/docs/getting-started/react-essentials
  | 
  | 
    ,-[/Users/safiurrehman/Upwork/superio/APIs/auth/jobs.js:10:1]
 10 |   query,
 11 |   where,
 12 | } from "firebase/firestore";
 13 | import { useEffect, useState } from "react";
    :          ^^^^^^^^^
 14 | 
 15 | export const useCreateJobPost = async (payload) => {
 16 |   try {
    `----

  x You're importing a component that needs useState. It only works in a Client Component but none of its parents are marked with "use client", so they're Server Components by default.
  | Learn more: https://nextjs.org/docs/getting-started/react-essentials
  | 
  | 
    ,-[/Users/safiurrehman/Upwork/superio/APIs/auth/jobs.js:10:1]
 10 |   query,
 11 |   where,
 12 | } from "firebase/firestore";
 13 | import { useEffect, useState } from "react";
    :                     ^^^^^^^^
 14 | 
 15 | export const useCreateJobPost = async (payload) => {
 16 |   try {
    `----

Import trace for requested module:
./APIs/auth/jobs.js
./components/employer-single-pages/related-jobs/RelatedJobs.jsx
./app/(employers-single)/employers-single-v3/[id]/page.jsx


[info] 

[info] > Build failed because of webpack errors

[debug] [2025-05-14T10:07:02.259Z] Error: ENOENT: no such file or directory, open '/Users/safiurrehman/Upwork/superio/.next/server/middleware-manifest.json'
[error] 
[error] Error: An unexpected error has occurred.
